Determining if the pthread_create exist failed with the following output:
Change Dir: /home/rishi/Projects/SFND_Lidar_Obstacle_Detection/src/quiz/ransac/build/CMakeFiles/CMakeTmp

Run Build Command:"/usr/bin/make" "cmTC_43925/fast"
/usr/bin/make -f CMakeFiles/cmTC_43925.dir/build.make CMakeFiles/cmTC_43925.dir/build
make[1]: Entering directory '/home/rishi/Projects/SFND_Lidar_Obstacle_Detection/src/quiz/ransac/build/CMakeFiles/CMakeTmp'
Building C object CMakeFiles/cmTC_43925.dir/CheckSymbolExists.c.o
/usr/bin/cc    -o CMakeFiles/cmTC_43925.dir/CheckSymbolExists.c.o   -c /home/rishi/Projects/SFND_Lidar_Obstacle_Detection/src/quiz/ransac/build/CMakeFiles/CMakeTmp/CheckSymbolExists.c
Linking C executable cmTC_43925
/usr/bin/cmake -E cmake_link_script CMakeFiles/cmTC_43925.dir/link.txt --verbose=1
/usr/bin/cc      -rdynamic CMakeFiles/cmTC_43925.dir/CheckSymbolExists.c.o  -o cmTC_43925 
CMakeFiles/cmTC_43925.dir/CheckSymbolExists.c.o: In function `main':
CheckSymbolExists.c:(.text+0x1b): undefined reference to `pthread_create'
collect2: error: ld returned 1 exit status
CMakeFiles/cmTC_43925.dir/build.make:97: recipe for target 'cmTC_43925' failed
make[1]: *** [cmTC_43925] Error 1
make[1]: Leaving directory '/home/rishi/Projects/SFND_Lidar_Obstacle_Detection/src/quiz/ransac/build/CMakeFiles/CMakeTmp'
Makefile:126: recipe for target 'cmTC_43925/fast' failed
make: *** [cmTC_43925/fast] Error 2

File /home/rishi/Projects/SFND_Lidar_Obstacle_Detection/src/quiz/ransac/build/CMakeFiles/CMakeTmp/CheckSymbolExists.c:
/* */
#include <pthread.h>

int main(int argc, char** argv)
{
  (void)argv;
#ifndef pthread_create
  return ((int*)(&pthread_create))[argc];
#else
  (void)argc;
  return 0;
#endif
}

Determining if the function pthread_create exists in the pthreads failed with the following output:
Change Dir: /home/rishi/Projects/SFND_Lidar_Obstacle_Detection/src/quiz/ransac/build/CMakeFiles/CMakeTmp

Run Build Command:"/usr/bin/make" "cmTC_ea64b/fast"
/usr/bin/make -f CMakeFiles/cmTC_ea64b.dir/build.make CMakeFiles/cmTC_ea64b.dir/build
make[1]: Entering directory '/home/rishi/Projects/SFND_Lidar_Obstacle_Detection/src/quiz/ransac/build/CMakeFiles/CMakeTmp'
Building C object CMakeFiles/cmTC_ea64b.dir/CheckFunctionExists.c.o
/usr/bin/cc   -DCHECK_FUNCTION_EXISTS=pthread_create   -o CMakeFiles/cmTC_ea64b.dir/CheckFunctionExists.c.o   -c /usr/share/cmake-3.10/Modules/CheckFunctionExists.c
Linking C executable cmTC_ea64b
/usr/bin/cmake -E cmake_link_script CMakeFiles/cmTC_ea64b.dir/link.txt --verbose=1
/usr/bin/cc  -DCHECK_FUNCTION_EXISTS=pthread_create    -rdynamic CMakeFiles/cmTC_ea64b.dir/CheckFunctionExists.c.o  -o cmTC_ea64b -lpthreads 
/usr/bin/ld: cannot find -lpthreads
collect2: error: ld returned 1 exit status
CMakeFiles/cmTC_ea64b.dir/build.make:97: recipe for target 'cmTC_ea64b' failed
make[1]: *** [cmTC_ea64b] Error 1
make[1]: Leaving directory '/home/rishi/Projects/SFND_Lidar_Obstacle_Detection/src/quiz/ransac/build/CMakeFiles/CMakeTmp'
Makefile:126: recipe for target 'cmTC_ea64b/fast' failed
make: *** [cmTC_ea64b/fast] Error 2


